[    0.000000] Linux version 4.15.0-212-generic (buildd@lcy02-amd64-083) (gcc version 7.5.0 (Ubuntu 7.5.0-3ubuntu1~18.04)) #223-Ubuntu SMP Tue May 23 13:09:22 UTC 2023 (Ubuntu 4.15.0-212.223-generic 4.15.18)
[    0.000000] Command line: BOOT_IMAGE=/boot/vmlinuz-4.15.0-212-generic root=LABEL=cloudimg-rootfs ro console=tty1 console=ttyS0
[    0.000000] KERNEL supported cpus:
[    0.000000]   Intel GenuineIntel
[    0.000000]   AMD AuthenticAMD
[    0.000000]   Centaur CentaurHauls
[    0.000000] x86/fpu: Supporting XSAVE feature 0x001: 'x87 floating point registers'
[    0.000000] x86/fpu: Supporting XSAVE feature 0x002: 'SSE registers'
[    0.000000] x86/fpu: Supporting XSAVE feature 0x004: 'AVX registers'
[    0.000000] x86/fpu: xstate_offset[2]:  576, xstate_sizes[2]:  256
[    0.000000] x86/fpu: Enabled xstate features 0x7, context size is 832 bytes, using 'standard' format.
[    0.000000] e820: BIOS-provided physical RAM map:
[    0.000000] BIOS-e820: [mem 0x0000000000000000-0x000000000009fbff] usable
[    0.000000] BIOS-e820: [mem 0x000000000009fc00-0x000000000009ffff] reserved
[    0.000000] BIOS-e820: [mem 0x00000000000f0000-0x00000000000fffff] reserved
[    0.000000] BIOS-e820: [mem 0x0000000000100000-0x000000003ffeffff] usable
[    0.000000] BIOS-e820: [mem 0x000000003fff0000-0x000000003fffffff] ACPI data
[    0.000000] BIOS-e820: [mem 0x00000000fec00000-0x00000000fec00fff] reserved
[    0.000000] BIOS-e820: [mem 0x00000000fee00000-0x00000000fee00fff] reserved
[    0.000000] BIOS-e820: [mem 0x00000000fffc0000-0x00000000ffffffff] reserved
[    0.000000] NX (Execute Disable) protection: active
[    0.000000] SMBIOS 2.5 present.
[    0.000000] DMI: innotek GmbH VirtualBox/VirtualBox, BIOS VirtualBox 12/01/2006
[    0.000000] Hypervisor detected: KVM
[    0.000000] e820: last_pfn = 0x3fff0 max_arch_pfn = 0x400000000
[    0.000000] x86/PAT: Configuration [0-7]: WB  WC  UC- UC  WB  WP  UC- WT  
[    0.000000] found SMP MP-table at [mem 0x0009fbf0-0x0009fbff]
[    0.000000] Scanning 1 areas for low memory corruption
[    0.000000] RAMDISK: [mem 0x359cb000-0x36cdcfff]
[    0.000000] ACPI: Early table checksum verification disabled
[    0.000000] ACPI: RSDP 0x00000000000E0000 000024 (v02 VBOX  )
[    0.000000] ACPI: XSDT 0x000000003FFF0030 00003C (v01 VBOX   VBOXXSDT 00000001 ASL  00000061)
[    0.000000] ACPI: FACP 0x000000003FFF00F0 0000F4 (v04 VBOX   VBOXFACP 00000001 ASL  00000061)
[    0.000000] ACPI: DSDT 0x000000003FFF0610 002353 (v02 VBOX   VBOXBIOS 00000002 INTL 20200925)
[    0.000000] ACPI: FACS 0x000000003FFF0200 000040
[    0.000000] ACPI: FACS 0x000000003FFF0200 000040
[    0.000000] ACPI: APIC 0x000000003FFF0240 00005C (v02 VBOX   VBOXAPIC 00000001 ASL  00000061)
[    0.000000] ACPI: SSDT 0x000000003FFF02A0 00036C (v01 VBOX   VBOXCPUT 00000002 INTL 20200925)
[    0.000000] ACPI: Reserving FACP table memory at [mem 0x3fff00f0-0x3fff01e3]
[    0.000000] ACPI: Reserving DSDT table memory at [mem 0x3fff0610-0x3fff2962]
[    0.000000] ACPI: Reserving FACS table memory at [mem 0x3fff0200-0x3fff023f]
[    0.000000] ACPI: Reserving FACS table memory at [mem 0x3fff0200-0x3fff023f]
[    0.000000] ACPI: Reserving APIC table memory at [mem 0x3fff0240-0x3fff029b]
[    0.000000] ACPI: Reserving SSDT table memory at [mem 0x3fff02a0-0x3fff060b]
[    0.000000] No NUMA configuration found
[    0.000000] Faking a node at [mem 0x0000000000000000-0x000000003ffeffff]
[    0.000000] NODE_DATA(0) allocated [mem 0x3ffc5000-0x3ffeffff]
[    0.000000] kvm-clock: cpu 0, msr 0:3ff44001, primary cpu clock
[    0.000000] kvm-clock: Using msrs 4b564d01 and 4b564d00
[    0.000000] kvm-clock: using sched offset of 2944691067 cycles
[    0.000000] clocksource: kvm-clock: mask: 0xffffffffffffffff max_cycles: 0x1cd42e4dffb, max_idle_ns: 881590591483 ns
[    0.000000] Zone ranges:
[    0.000000]   DMA      [mem 0x0000000000001000-0x0000000000ffffff]
[    0.000000]   DMA32    [mem 0x0000000001000000-0x000000003ffeffff]
[    0.000000]   Normal   empty
[    0.000000]   Device   empty
[    0.000000] Movable zone start for each node
[    0.000000] Early memory node ranges
[    0.000000]   node   0: [mem 0x0000000000001000-0x000000000009efff]
[    0.000000]   node   0: [mem 0x0000000000100000-0x000000003ffeffff]
[    0.000000] Reserved but unavailable: 104 pages
[    0.000000] Initmem setup node 0 [mem 0x0000000000001000-0x000000003ffeffff]
[    0.000000] ACPI: PM-Timer IO Port: 0x4008
[    0.000000] IOAPIC[0]: apic_id 2, version 32, address 0xfec00000, GSI 0-23
[    0.000000] ACPI: INT_SRC_OVR (bus 0 bus_irq 0 global_irq 2 dfl dfl)
[    0.000000] ACPI: INT_SRC_OVR (bus 0 bus_irq 9 global_irq 9 low level)
[    0.000000] Using ACPI (MADT) for SMP configuration information
[    0.000000] smpboot: Allowing 2 CPUs, 0 hotplug CPUs
[    0.000000] PM: Registered nosave memory: [mem 0x00000000-0x00000fff]
[    0.000000] PM: Registered nosave memory: [mem 0x0009f000-0x0009ffff]
[    0.000000] PM: Registered nosave memory: [mem 0x000a0000-0x000effff]
[    0.000000] PM: Registered nosave memory: [mem 0x000f0000-0x000fffff]
[    0.000000] e820: [mem 0x40000000-0xfebfffff] available for PCI devices
[    0.000000] Booting paravirtualized kernel on KVM
[    0.000000] clocksource: refined-jiffies: mask: 0xffffffff max_cycles: 0xffffffff, max_idle_ns: 7645519600211568 ns
[    0.000000] setup_percpu: NR_CPUS:8192 nr_cpumask_bits:2 nr_cpu_ids:2 nr_node_ids:1
[    0.000000] percpu: Embedded 50 pages/cpu s167936 r8192 d28672 u1048576
[    0.000000] PV qspinlock hash table entries: 256 (order: 0, 4096 bytes)
[    0.000000] Built 1 zonelists, mobility grouping on.  Total pages: 257913
[    0.000000] Policy zone: DMA32
[    0.000000] Kernel command line: BOOT_IMAGE=/boot/vmlinuz-4.15.0-212-generic root=LABEL=cloudimg-rootfs ro console=tty1 console=ttyS0
[    0.000000] Memory: 982644K/1048120K available (12300K kernel code, 2477K rwdata, 4324K rodata, 2480K init, 2720K bss, 65476K reserved, 0K cma-reserved)
[    0.000000] SLUB: HWalign=64, Order=0-3, MinObjects=0, CPUs=2, Nodes=1
[    0.000000] Kernel/User page tables isolation: enabled
[    0.000000] ftrace: allocating 39508 entries in 155 pages
[    0.004000] Hierarchical RCU implementation.
[    0.004000] 	RCU restricting CPUs from NR_CPUS=8192 to nr_cpu_ids=2.
[    0.004000] 	Tasks RCU enabled.
[    0.004000] RCU: Adjusting geometry for rcu_fanout_leaf=16, nr_cpu_ids=2
[    0.004000] NR_IRQS: 524544, nr_irqs: 440, preallocated irqs: 16
[    0.004000] random: crng init done
[    0.004000] Console: colour VGA+ 80x25
[    0.004000] console [tty1] enabled
[    0.004000] console [ttyS0] enabled
[    0.004000] ACPI: Core revision 20170831
[    0.004000] ACPI: 2 ACPI AML tables successfully acquired and loaded
[    0.004000] APIC: Switch to symmetric I/O mode setup
[    0.004000] x2apic enabled
[    0.004000] Switched APIC routing to physical x2apic.
[    0.004000] ..TIMER: vector=0x30 apic1=0 pin1=2 apic2=-1 pin2=-1
[    0.004000] tsc: Detected 3600.002 MHz processor
[    0.004000] Calibrating delay loop (skipped) preset value.. 7200.00 BogoMIPS (lpj=14400008)
[    0.004000] pid_max: default: 32768 minimum: 301
[    0.004000] Security Framework initialized
[    0.004000] Yama: becoming mindful.
[    0.004000] AppArmor: AppArmor initialized
[    0.004000] Dentry cache hash table entries: 131072 (order: 8, 1048576 bytes)
[    0.004000] Inode-cache hash table entries: 65536 (order: 7, 524288 bytes)
[    0.004000] Mount-cache hash table entries: 2048 (order: 2, 16384 bytes)
[    0.004000] Mountpoint-cache hash table entries: 2048 (order: 2, 16384 bytes)
[    0.004000] Last level iTLB entries: 4KB 128, 2MB 8, 4MB 8
[    0.004000] Last level dTLB entries: 4KB 64, 2MB 0, 4MB 0, 1GB 4
[    0.004000] Spectre V1 : Mitigation: usercopy/swapgs barriers and __user pointer sanitization
[    0.004000] Spectre V2 : Mitigation: Retpolines
[    0.004000] Spectre V2 : Spectre v2 / SpectreRSB mitigation: Filling RSB on context switch
[    0.004000] Spectre V2 : Spectre v2 / SpectreRSB : Filling RSB on VMEXIT
[    0.004000] RETBleed: WARNING: Spectre v2 mitigation leaves CPU vulnerable to RETBleed attacks, data leaks possible!
[    0.004000] RETBleed: Vulnerable
[    0.004000] Speculative Store Bypass: Vulnerable
[    0.004000] MDS: Mitigation: Clear CPU buffers
[    0.004000] MMIO Stale Data: Mitigation: Clear CPU buffers
[    0.004000] SRBDS: Unknown: Dependent on hypervisor status
[    0.004000] Freeing SMP alternatives memory: 36K
[    0.121612] APIC calibration not consistent with PM-Timer: 101ms instead of 100ms
[    0.122349] APIC delta adjusted to PM-Timer: 6312367 (6422037)
[    0.122944] smpboot: CPU0: Intel(R) Core(TM) i7-9700K CPU @ 3.60GHz (family: 0x6, model: 0x9e, stepping: 0xd)
[    0.123880] Performance Events: unsupported p6 CPU model 158 no PMU driver, software events only.
[    0.124000] Hierarchical SRCU implementation.
[    0.124000] NMI watchdog: Perf event create on CPU 0 failed with -2
[    0.124000] NMI watchdog: Perf NMI watchdog permanently disabled
[    0.124000] smp: Bringing up secondary CPUs ...
[    0.124065] x86: Booting SMP configuration:
[    0.124468] .... node  #0, CPUs:      #1
[    0.004000] kvm-clock: cpu 1, msr 0:3ff44041, secondary cpu clock
[    0.127388] smp: Brought up 1 node, 2 CPUs
[    0.127388] smpboot: Max logical packages: 1
[    0.128004] smpboot: Total of 2 processors activated (14400.00 BogoMIPS)
[    0.128813] devtmpfs: initialized
[    0.128813] x86/mm: Memory block size: 128MB
[    0.128897] evm: security.selinux
[    0.129252] evm: security.SMACK64
[    0.129576] evm: security.SMACK64EXEC
[    0.129941] evm: security.SMACK64TRANSMUTE
[    0.130338] evm: security.SMACK64MMAP
[    0.130682] evm: security.apparmor
[    0.132002] evm: security.ima
[    0.132291] evm: security.capability
[    0.132715] clocksource: jiffies: mask: 0xffffffff max_cycles: 0xffffffff, max_idle_ns: 7645041785100000 ns
[    0.132906] futex hash table entries: 512 (order: 3, 32768 bytes)
[    0.133527] pinctrl core: initialized pinctrl subsystem
[    0.134336] RTC time: 18:18:36, date: 02/07/25
[    0.136095] NET: Registered protocol family 16
[    0.136611] audit: initializing netlink subsys (disabled)
[    0.137158] audit: type=2000 audit(1738952320.695:1): state=initialized audit_enabled=0 res=1
[    0.137158] cpuidle: using governor ladder
[    0.137158] cpuidle: using governor menu
[    0.140046] ACPI: bus type PCI registered
[    0.140460] acpiphp: ACPI Hot Plug PCI Controller Driver version: 0.5
[    0.141078] PCI: Using configuration type 1 for base access
[    0.141637] HugeTLB registered 2.00 MiB page size, pre-allocated 0 pages
[    0.141637] ACPI: Added _OSI(Module Device)
[    0.144003] ACPI: Added _OSI(Processor Device)
[    0.144408] ACPI: Added _OSI(3.0 _SCP Extensions)
[    0.144837] ACPI: Added _OSI(Processor Aggregator Device)
[    0.145318] ACPI: Added _OSI(Linux-Dell-Video)
[    0.145790] ACPI: Added _OSI(Linux-Lenovo-NV-HDMI-Audio)
[    0.146290] ACPI: Added _OSI(Linux-HPI-Hybrid-Graphics)
[    0.146916] ACPI: Executed 1 blocks of module-level executable AML code
[    0.149615] ACPI: Interpreter enabled
[    0.150005] ACPI: (supports S0 S5)
[    0.150333] ACPI: Using IOAPIC for interrupt routing
[    0.150922] PCI: Using host bridge windows from ACPI; if necessary, use "pci=nocrs" and report a bug
[    0.151973] ACPI: Enabled 2 GPEs in block 00 to 07
[    0.153937] ACPI: PCI Root Bridge [PCI0] (domain 0000 [bus 00-ff])
[    0.154552] acpi PNP0A03:00: _OSC: OS supports [ASPM ClockPM Segments MSI]
[    0.156270] acpi PNP0A03:00: _OSC: not requesting OS control; OS requires [ExtendedConfig ASPM ClockPM MSI]
[    0.157193] acpi PNP0A03:00: fail to add MMCONFIG information, can't access extended PCI configuration space under this bridge.
[    0.158473] PCI host bridge to bus 0000:00
[    0.159321] pci_bus 0000:00: root bus resource [io  0x0000-0x0cf7 window]
[    0.160003] pci_bus 0000:00: root bus resource [io  0x0d00-0xffff window]
[    0.160645] pci_bus 0000:00: root bus resource [mem 0x000a0000-0x000bffff window]
[    0.161325] pci_bus 0000:00: root bus resource [mem 0x40000000-0xfdffffff window]
[    0.162042] pci_bus 0000:00: root bus resource [bus 00-ff]
[    0.164444] pci 0000:00:01.1: legacy IDE quirk: reg 0x10: [io  0x01f0-0x01f7]
[    0.165123] pci 0000:00:01.1: legacy IDE quirk: reg 0x14: [io  0x03f6]
[    0.165734] pci 0000:00:01.1: legacy IDE quirk: reg 0x18: [io  0x0170-0x0177]
[    0.166361] pci 0000:00:01.1: legacy IDE quirk: reg 0x1c: [io  0x0376]
[    0.175516] pci 0000:00:07.0: quirk: [io  0x4000-0x403f] claimed by PIIX4 ACPI
[    0.176012] pci 0000:00:07.0: quirk: [io  0x4100-0x410f] claimed by PIIX4 SMB
[    0.182422] ACPI: PCI Interrupt Link [LNKA] (IRQs 5 9 10 *11)
[    0.183172] ACPI: PCI Interrupt Link [LNKB] (IRQs 5 9 *10 11)
[    0.183752] ACPI: PCI Interrupt Link [LNKC] (IRQs 5 *9 10 11)
[    0.184069] ACPI: PCI Interrupt Link [LNKD] (IRQs 5 9 10 *11)
[    0.184869] SCSI subsystem initialized
[    0.185290] pci 0000:00:02.0: vgaarb: setting as boot VGA device
[    0.185290] pci 0000:00:02.0: vgaarb: VGA device added: decodes=io+mem,owns=io+mem,locks=none
[    0.185387] pci 0000:00:02.0: vgaarb: bridge control possible
[    0.185889] vgaarb: loaded
[    0.186178] ACPI: bus type USB registered
[    0.188018] usbcore: registered new interface driver usbfs
[    0.188501] usbcore: registered new interface driver hub
[    0.188976] usbcore: registered new device driver usb
[    0.189468] EDAC MC: Ver: 3.0.0
[    0.189468] PCI: Using ACPI for IRQ routing
[    0.189468] NetLabel: Initializing
[    0.189468] NetLabel:  domain hash size = 128
[    0.189468] NetLabel:  protocols = UNLABELED CIPSOv4 CALIPSO
[    0.189863] NetLabel:  unlabeled traffic allowed by default
[    0.192075] clocksource: Switched to clocksource kvm-clock
[    0.199288] VFS: Disk quotas dquot_6.6.0
[    0.199779] VFS: Dquot-cache hash table entries: 512 (order 0, 4096 bytes)
[    0.200449] AppArmor: AppArmor Filesystem Enabled
[    0.200951] pnp: PnP ACPI init
[    0.201854] pnp: PnP ACPI: found 3 devices
[    0.208645] clocksource: acpi_pm: mask: 0xffffff max_cycles: 0xffffff, max_idle_ns: 2085701024 ns
[    0.209570] NET: Registered protocol family 2
[    0.210060] IP idents hash table entries: 16384 (order: 5, 131072 bytes)
[    0.211027] TCP established hash table entries: 8192 (order: 4, 65536 bytes)
[    0.211708] TCP bind hash table entries: 8192 (order: 5, 131072 bytes)
[    0.212323] TCP: Hash tables configured (established 8192 bind 8192)
[    0.212920] UDP hash table entries: 512 (order: 2, 16384 bytes)
[    0.213448] UDP-Lite hash table entries: 512 (order: 2, 16384 bytes)
[    0.214067] NET: Registered protocol family 1
[    0.214546] pci 0000:00:00.0: Limiting direct PCI/PCI transfers
[    0.215084] pci 0000:00:01.0: Activating ISA DMA hang workarounds
[    0.215687] pci 0000:00:02.0: Video device with shadowed ROM at [mem 0x000c0000-0x000dffff]
[    0.216310] Unpacking initramfs...
[    0.216310] Freeing initrd memory: 19528K
[    0.216310] clocksource: tsc: mask: 0xffffffffffffffff max_cycles: 0x33e4559ce44, max_idle_ns: 440795364889 ns
[    0.216310] platform rtc_cmos: registered platform RTC device (no PNP device found)
[    0.216310] Scanning for low memory corruption every 60 seconds
[    0.415618] Initialise system trusted keyrings
[    0.416097] Key type blacklist registered
[    0.416505] workingset: timestamp_bits=36 max_order=18 bucket_order=0
[    0.417654] zbud: loaded
[    0.418315] squashfs: version 4.0 (2009/01/31) Phillip Lougher
[    0.418971] fuse init (API version 7.26)
[    0.420324] Key type asymmetric registered
[    0.420704] Asymmetric key parser 'x509' registered
[    0.421189] Block layer SCSI generic (bsg) driver version 0.4 loaded (major 246)
[    0.421880] io scheduler noop registered
[    0.422307] io scheduler deadline registered
[    0.422711] io scheduler cfq registered (default)
[    0.423363] ACPI: AC Adapter [AC] (on-line)
[    0.423871] input: Power Button as /devices/LNXSYSTM:00/LNXPWRBN:00/input/input0
[    0.424646] ACPI: Power Button [PWRF]
[    0.425064] input: Sleep Button as /devices/LNXSYSTM:00/LNXSLPBN:00/input/input1
[    0.425724] ACPI: Sleep Button [SLPF]
[    0.426419] Serial: 8250/16550 driver, 32 ports, IRQ sharing enabled
[    0.447395] 00:02: ttyS0 at I/O 0x3f8 (irq = 4, base_baud = 115200) is a 16550A
[    0.449906] Linux agpgart interface v0.103
[    0.451723] loop: module loaded
[    0.452417] scsi host0: ata_piix
[    0.452789] scsi host1: ata_piix
[    0.453124] ata1: PATA max UDMA/33 cmd 0x1f0 ctl 0x3f6 bmdma 0xd000 irq 14
[    0.453760] ata2: PATA max UDMA/33 cmd 0x170 ctl 0x376 bmdma 0xd008 irq 15
[    0.454405] tun: Universal TUN/TAP device driver, 1.6
[    0.454980] PPP generic driver version 2.4.2
[    0.455491] ehci_hcd: USB 2.0 'Enhanced' Host Controller (EHCI) Driver
[    0.456133] ehci-pci: EHCI PCI platform driver
[    0.456582] ehci-platform: EHCI generic platform driver
[    0.457068] ohci_hcd: USB 1.1 'Open' Host Controller (OHCI) Driver
[    0.457643] ohci-pci: OHCI PCI platform driver
[    0.458083] ohci-platform: OHCI generic platform driver
[    0.458546] uhci_hcd: USB Universal Host Controller Interface driver
[    0.459142] i8042: PNP: PS/2 Controller [PNP0303:PS2K,PNP0f03:PS2M] at 0x60,0x64 irq 1,12
[    0.460237] serio: i8042 KBD port at 0x60,0x64 irq 1
[    0.460696] serio: i8042 AUX port at 0x60,0x64 irq 12
[    0.461243] mousedev: PS/2 mouse device common for all mice
[    0.462012] input: AT Translated Set 2 keyboard as /devices/platform/i8042/serio0/input/input2
[    0.462906] rtc_cmos rtc_cmos: rtc core: registered rtc_cmos as rtc0
[    0.463536] rtc_cmos rtc_cmos: alarms up to one day, 114 bytes nvram
[    0.464136] i2c /dev entries driver
[    0.464569] device-mapper: uevent: version 1.0.3
[    0.465047] device-mapper: ioctl: 4.37.0-ioctl (2017-09-20) initialised: dm-devel@redhat.com
[    0.465893] ledtrig-cpu: registered to indicate activity on CPUs
[    0.466675] NET: Registered protocol family 10
[    0.469443] Segment Routing with IPv6
[    0.469855] NET: Registered protocol family 17
[    0.470290] Key type dns_resolver registered
[    0.470928] mce: Using 0 MCE banks
[    0.471272] RAS: Correctable Errors collector initialized.
[    0.471785] sched_clock: Marking stable (470906994, 0)->(564051835, -93144841)
[    0.472937] registered taskstats version 1
[    0.473368] Loading compiled-in X.509 certificates
[    0.475320] Loaded X.509 cert 'Build time autogenerated kernel key: b5b26778eaa3ab3a4a6cee031137706e947d12ad'
[    0.476630] Loaded X.509 cert 'Canonical Ltd. Live Patch Signing: 14df34d1a87cf37625abec039ef2bf521249b969'
[    0.477830] Loaded X.509 cert 'Canonical Ltd. Kernel Module Signing: 88f752e560a1e0737e31163a466ad7b70a850c19'
[    0.478747] blacklist: Loading compiled-in revocation X.509 certificates
[    0.479385] Loaded X.509 cert 'Canonical Ltd. Secure Boot Signing: 61482aa2830d0ab2ad5af10b7250da9033ddcef0'
[    0.480288] Loaded X.509 cert 'Canonical Ltd. Secure Boot Signing (2017): 242ade75ac4a15e50d50c84b0d45ff3eae707a03'
[    0.481251] Loaded X.509 cert 'Canonical Ltd. Secure Boot Signing (ESM 2018): 365188c1d374d6b07c3c8f240f8ef722433d6a8b'
[    0.482231] Loaded X.509 cert 'Canonical Ltd. Secure Boot Signing (2019): c0746fd6c5da3ae827864651ad66ae47fe24b3e8'
[    0.483181] Loaded X.509 cert 'Canonical Ltd. Secure Boot Signing (2021 v1): a8d54bbb3825cfb94fa13c9f8a594a195c107b8d'
[    0.484159] Loaded X.509 cert 'Canonical Ltd. Secure Boot Signing (2021 v2): 4cf046892d6fd3c9a5b03f98d845f90851dc6a8c'
[    0.485128] Loaded X.509 cert 'Canonical Ltd. Secure Boot Signing (2021 v3): 100437bb6de6e469b581e61cd66bce3ef4ed53af'
[    0.486068] Loaded X.509 cert 'Canonical Ltd. Secure Boot Signing (Ubuntu Core 2019): c1d57b8f6b743f23ee41f4f7ee292f06eecadfb9'
[    0.487115] zswap: loaded using pool lzo/zbud
[    0.489884] Key type big_key registered
[    0.490298] Key type trusted registered
[    0.491599] Key type encrypted registered
[    0.492019] AppArmor: AppArmor sha1 policy hashing enabled
[    0.492528] ima: No TPM chip found, activating TPM-bypass! (rc=-19)
[    0.493110] ima: Allocated hash algorithm: sha1
[    0.493573] evm: HMAC attrs: 0x1
[    0.494021]   Magic number: 13:680:341
[    0.494482] rtc_cmos rtc_cmos: setting system clock to 2025-02-07 18:18:36 UTC (1738952316)
[    0.495418] BIOS EDD facility v0.16 2004-Jun-25, 0 devices found
[    0.495995] EDD information not available.
[    0.636491] Freeing unused kernel image memory: 2480K
[    0.952058] Write protecting the kernel read-only data: 20480k
[    0.953130] Freeing unused kernel image memory: 2008K
[    0.954015] Freeing unused kernel image memory: 1820K
[    0.959958] x86/mm: Checked W+X mappings: passed, no W+X pages found.
[    0.960671] x86/mm: Checking user space page tables
[    0.966532] x86/mm: Checked W+X mappings: passed, no W+X pages found.
Loading, please wait...
starting version 237
[    1.011198] Fusion MPT base driver 3.04.20
[    1.011699] Copyright (c) 1999-2008 LSI Corporation
[    1.015408] e1000: Intel(R) PRO/1000 Network Driver - version 7.3.21-k8-NAPI
[    1.016066] e1000: Copyright (c) 1999-2006 Intel Corporation.
[    1.017037] Fusion MPT SPI Host driver 3.04.20
[    1.019862] AVX2 version of gcm_enc/dec engaged.
[    1.020350] AES CTR mode by8 optimization enabled
[    1.021050] mptbase: ioc0: Initiating bringup
[    1.132321] ioc0: LSI53C1030 A0: Capabilities={Initiator}
[    1.218673] input: ImExPS/2 Generic Explorer Mouse as /devices/platform/i8042/serio1/input/input4
[    1.373325] scsi host2: ioc0: LSI53C1030 A0, FwRev=00000000h, Ports=1, MaxQ=256, IRQ=20
[    1.540667] scsi 2:0:0:0: Direct-Access     VBOX     HARDDISK         1.0  PQ: 0 ANSI: 5
[    1.596130] scsi target2:0:0: Beginning Domain Validation
[    1.597399] scsi target2:0:0: Domain Validation skipping write tests
[    1.598070] scsi target2:0:0: Ending Domain Validation
[    1.598623] scsi target2:0:0: asynchronous
[    1.599559] scsi 2:0:1:0: Direct-Access     VBOX     HARDDISK         1.0  PQ: 0 ANSI: 5
[    1.876249] scsi target2:0:1: Beginning Domain Validation
[    1.877589] scsi target2:0:1: Domain Validation skipping write tests
[    1.878227] scsi target2:0:1: Ending Domain Validation
[    1.878719] scsi target2:0:1: asynchronous
[    1.881572] sd 2:0:0:0: [sda] 83886080 512-byte logical blocks: (42.9 GB/40.0 GiB)
[    1.882549] sd 2:0:0:0: [sda] Write Protect is off
[    1.883254] sd 2:0:0:0: [sda] Incomplete mode parameter data
[    1.884095] sd 2:0:0:0: [sda] Assuming drive cache: write through
[    1.885226] sd 2:0:0:0: Attached scsi generic sg0 type 0
[    1.886224]  sda: sda1
[    1.887357] e1000 0000:00:03.0 eth0: (PCI:33MHz:32-bit) 02:3b:7b:b7:3b:2d
[    1.887656] sd 2:0:0:0: [sda] Attached SCSI disk
[    1.887986] e1000 0000:00:03.0 eth0: Intel(R) PRO/1000 Network Connection
[    1.888707] sd 2:0:1:0: [sdb] 20480 512-byte logical blocks: (10.5 MB/10.0 MiB)
[    1.889871] sd 2:0:1:0: Attached scsi generic sg1 type 0
[    1.890405] sd 2:0:1:0: [sdb] Write Protect is off
[    1.890991] sd 2:0:1:0: [sdb] Incomplete mode parameter data
[    1.891525] sd 2:0:1:0: [sdb] Assuming drive cache: write through
[    1.893520] sd 2:0:1:0: [sdb] Attached SCSI disk
[    2.230459] e1000 0000:00:08.0 eth1: (PCI:33MHz:32-bit) 08:00:27:10:40:74
[    2.231160] e1000 0000:00:08.0 eth1: Intel(R) PRO/1000 Network Connection
[    2.232373] e1000 0000:00:08.0 enp0s8: renamed from eth1
[    2.278238] e1000 0000:00:03.0 enp0s3: renamed from eth0
Begin: Loading essential drivers ... [    3.585114] raid6: sse2x1   gen() 18426 MB/s
[    3.639730] raid6: sse2x1   xor() 11248 MB/s
[    3.712007] raid6: sse2x2   gen() 25651 MB/s
[    3.764024] raid6: sse2x2   xor() 14026 MB/s
[    3.817131] raid6: sse2x4   gen() 23655 MB/s
[    3.865271] raid6: sse2x4   xor() 13164 MB/s
[    3.920129] raid6: avx2x1   gen() 37520 MB/s
[    3.976876] raid6: avx2x1   xor() 20091 MB/s
[    4.036394] raid6: avx2x2   gen() 47463 MB/s
[    4.095731] raid6: avx2x2   xor() 31359 MB/s
[    4.155840] raid6: avx2x4   gen() 52212 MB/s
[    4.215876] raid6: avx2x4   xor() 31537 MB/s
[    4.216367] raid6: using algorithm avx2x4 gen() 52212 MB/s
[    4.216856] raid6: .... xor() 31537 MB/s, rmw enabled
[    4.217306] raid6: using avx2x2 recovery algorithm
[    4.218387] xor: automatically using best checksumming function   avx       
[    4.219545] async_tx: api initialized (async)
done.
Begin: Running /scripts/init-premount ... done.
Begin: Mounting root file system ... Begin: Running /scripts/local-top ... done.
Begin: Running /scripts/local-premount ... [    4.249122] Btrfs loaded, crc32c=crc32c-intel
Scanning for Btrfs filesystems
done.
Warning: fsck not present, so skipping root file system
[    4.270967] EXT4-fs (sda1): mounted filesystem with ordered data mode. Opts: (null)
done.
Begin: Running /scripts/local-bottom ... done.
Begin: Running /scripts/init-bottom ... done.
[    4.428530] ip_tables: (C) 2000-2006 Netfilter Core Team
[    4.437621] systemd[1]: systemd 237 running in system mode. (+PAM +AUDIT +SELINUX +IMA +APPARMOR +SMACK +SYSVINIT +UTMP +LIBCRYPTSETUP +GCRYPT +GNUTLS +ACL +XZ +LZ4 +SECCOMP +BLKID +ELFUTILS +KMOD -IDN2 +IDN -PCRE2 default-hierarchy=hybrid)
[    4.439586] systemd[1]: Detected virtualization oracle.
[    4.440111] systemd[1]: Detected architecture x86-64.

Welcome to [1mUbuntu 18.04.6 LTS[0m!

[    4.443724] systemd[1]: Set hostname to <ubuntu>.
[    4.446280] systemd[1]: Initializing machine ID from random generator.
[    4.446925] systemd[1]: Installed transient /etc/machine-id file.
[    4.660060] systemd[1]: Reached target User and Group Name Lookups.
[[0;32m  OK  [0m] Reached target User and Group Name Lookups.
[    4.661052] systemd[1]: Started Forward Password Requests to Wall Directory Watch.
[[0;32m  OK  [0m] Started Forward Password Requests to Wall Directory Watch.
[    4.841354] systemd[1]: Reached target Swap.
[[0;32m  OK  [0m] Reached target Swap.
[    4.842344] systemd[1]: Set up automount Arbitrary Executable File Formats File System Automount Point.
[[0;32m  OK  [0m] Set up automount Arbitrary Executab…rmats File System Automount Point.
[[0;32m  OK  [0m] Created slice System Slice.
[[0;32m  OK  [0m] Listening on Network Service Netlink Socket.
[[0;32m  OK  [0m] Listening on LVM2 poll daemon socket.
[[0;32m  OK  [0m] Listening on Journal Socket.
[[0;32m  OK  [0m] Listening on udev Control Socket.
[[0;32m  OK  [0m] Listening on Journal Socket (/dev/log).
         Starting Load Kernel Modules...
[[0;32m  OK  [0m] Listening on LVM2 metadata daemon socket.
[[0;32m  OK  [0m] Listening on fsck to fsckd communication Socket.
         Starting File System Check on Root Device...
[[0;32m  OK  [0m] Listening on Journal Audit Socket.
         Mounting Huge Pages File System...
[[0;32m  OK  [0m] Listening on udev Kernel Socket.
[[0;32m  OK  [0m] Created slice system-serial\x2dgetty.slice.
         Mounting POSIX Message Queue File System...
[[0;32m  OK  [0m] Listening on Device-mapper event daemon FIFOs.
         Starting Create list of required st…ce nodes for the current kernel...
         Starting Monitoring of LVM2 mirrors…ng dmeventd or progress polling...
         Starting Uncomplicated firewall...
[[0;32m  OK  [0m] Listening on /dev/initctl Compatibility Named Pipe.
         Mounting Kernel Debug File System...
[[0;32m  OK  [0m] Listening on Syslog Socket.
         Starting Journal Service...
[[0;32m  OK  [0m] Created slice User and Session Slice.
[    4.874669] Loading iSCSI transport class v2.0-870.
         Starting Set the console keyboard layout...
         Starting udev Coldplug all Devices...
[[0;32m  OK  [0m] Reached target Slices.
[    4.883025] iscsi: registered transport (tcp)
[[0;32m  OK  [0m] Reached target System Time Synchronized.
[    4.896465] iscsi: registered transport (iser)
[[0;32m  OK  [0m] Reached target Mounting snaps.
[[0;32m  OK  [0m] Reached target Mounted snaps.
[[0;32m  OK  [0m] Started Load Kernel Modules.
[[0;32m  OK  [0m] Started File System Check Daemon to report status.
         Starting Apply Kernel Variables...
         Mounting Kernel Configuration File System...
         Mounting FUSE Control File System...
[[0;32m  OK  [0m] Started LVM2 metadata daemon.
[[0;32m  OK  [0m] Started Uncomplicated firewall.
[[0;32m  OK  [0m] Started Create list of required sta…vice nodes for the current kernel.
         Starting Create Static Device Nodes in /dev...
[[0;32m  OK  [0m] Started udev Coldplug all Devices.
[[0;32m  OK  [0m] Mounted Huge Pages File System.
[[0;32m  OK  [0m] Mounted POSIX Message Queue File System.
[[0;32m  OK  [0m] Mounted Kernel Debug File System.
[[0;32m  OK  [0m] Mounted Kernel Configuration File System.
[[0;32m  OK  [0m] Mounted FUSE Control File System.
[[0;32m  OK  [0m] Started Journal Service.
[[0;32m  OK  [0m] Started Create Static Device Nodes in /dev.
[[0;32m  OK  [0m] Started File System Check on Root Device.
         Starting Remount Root and Kernel File Systems...
[[0;32m  OK  [0m] Started Apply Kernel Variables.
[[0;32m  OK  [0m] Started Monitoring of LVM2 mirrors,…sing dmeventd or progress polling.
[[0;32m  OK  [0m] Started Remount Root and Kernel File Systems.
         Starting Flush Journal to Persistent Storage...
         Starting Load/Save Random Seed...
         Starting udev Kernel Device Manager...
[[0;32m  OK  [0m] Started Load/Save Random Seed.
[[0;32m  OK  [0m] Started udev Kernel Device Manager.
[[0;32m  OK  [0m] Started Flush Journal to Persistent Storage.
[[0;32m  OK  [0m] Found device /dev/ttyS0.
[[0;32m  OK  [0m] Listening on Load/Save RF Kill Switch Status /dev/rfkill Watch.
         Mounting Arbitrary Executable File Formats File System...
[[0;32m  OK  [0m] Mounted Arbitrary Executable File Formats File System.
[[0;32m  OK  [0m] Started Set the console keyboard layout.
[[0;32m  OK  [0m] Reached target Local File Systems (Pre).
[[0;32m  OK  [0m] Reached target Local File Systems.
         Starting ebtables ruleset management...
         Starting Tell Plymouth To Write Out Runtime Data...
         Starting Commit a transient machine-id on disk...
         Starting Set console font and keymap...
         Starting AppArmor initialization...
         Starting Create Volatile Files and Directories...
[[0;32m  OK  [0m] Started Dispatch Password Requests to Console Directory Watch.
[[0;32m  OK  [0m] Reached target Local Encrypted Volumes.
[[0;32m  OK  [0m] Started Tell Plymouth To Write Out Runtime Data.
[[0;32m  OK  [0m] Started Create Volatile Files and Directories.
         Starting Update UTMP about System Boot/Shutdown...
[[0;32m  OK  [0m] Started Update UTMP about System Boot/Shutdown.
[[0;32m  OK  [0m] Started Commit a transient machine-id on disk.
[[0;32m  OK  [0m] Started ebtables ruleset management.
[[0;32m  OK  [0m] Started AppArmor initialization.
         Starting Load AppArmor profiles managed internally by snapd...
         Starting Initial cloud-init job (pre-networking)...
[[0;32m  OK  [0m] Started Load AppArmor profiles managed internally by snapd.
[[0;32m  OK  [0m] Started Set console font and keymap.
[    7.273979] cloud-init[848]: Cloud-init v. 23.1.2-0ubuntu0~18.04.1 running 'init-local' at Fri, 07 Feb 2025 18:18:43 +0000. Up 7.06 seconds.
[[0;32m  OK  [0m] Started Initial cloud-init job (pre-networking).
[[0;32m  OK  [0m] Reached target Network (Pre).
         Starting Network Service...
[[0;32m  OK  [0m] Started Network Service.
         Starting Wait for Network to be Configured...
         Starting Network Name Resolution...
[[0;32m  OK  [0m] Started Network Name Resolution.
[[0;32m  OK  [0m] Reached target Host and Network Name Lookups.
[[0;32m  OK  [0m] Reached target Network.
[[0;32m  OK  [0m] Started Wait for Network to be Configured.
         Starting Initial cloud-init job (metadata service crawler)...
[    9.459276] cloud-init[1036]: Cloud-init v. 23.1.2-0ubuntu0~18.04.1 running 'init' at Fri, 07 Feb 2025 18:18:45 +0000. Up 9.36 seconds.
[    9.460777] cloud-init[1036]: ci-info: ++++++++++++++++++++++++++++++++++++++Net device info+++++++++++++++++++++++++++++++++++++++
[    9.461392] cloud-init[1036]: ci-info: +--------+-------+----------------------------+---------------+--------+-------------------+
[    9.462204] cloud-init[1036]: ci-info: | Device |   Up  |          Address           |      Mask     | Scope  |     Hw-Address    |
[    9.462938] cloud-init[1036]: ci-info: +--------+-------+----------------------------+---------------+--------+-------------------+
[    9.472181] cloud-init[1036]: ci-info: | enp0s3 |  True |         10.0.2.15          | 255.255.255.0 | global | 02:3b:7b:b7:3b:2d |
[    9.472845] cloud-init[1036]: ci-info: | enp0s3 |  True | fd00::3b:7bff:feb7:3b2d/64 |       .       | global | 02:3b:7b:b7:3b:2d |
[    9.473713] cloud-init[1036]: ci-info: | enp0s3 |  True | fe80::3b:7bff:feb7:3b2d/64 |       .       |  link  | 02:3b:7b:b7:3b:2d |
[    9.474470] cloud-init[1036]: ci-info: | enp0s8 | False |             .              |       .       |   .    | 08:00:27:10:40:74 |
[    9.475206] cloud-init[1036]: ci-info: |   lo   |  True |         127.0.0.1          |   255.0.0.0   |  host  |         .         |
[    9.476960] cloud-init[1036]: ci-info: |   lo   |  True |          ::1/128           |       .       |  host  |         .         |
[    9.477625] cloud-init[1036]: ci-info: +--------+-------+----------------------------+---------------+--------+-------------------+
[    9.478239] cloud-init[1036]: ci-info: ++++++++++++++++++++++++++++Route IPv4 info+++++++++++++++++++++++++++++
[    9.478886] cloud-init[1036]: ci-info: +-------+-------------+----------+-----------------+-----------+-------+
[    9.479548] cloud-init[1036]: ci-info: | Route | Destination | Gateway  |     Genmask     | Interface | Flags |
[    9.480219] cloud-init[1036]: ci-info: +-------+-------------+----------+-----------------+-----------+-------+
[    9.480764] cloud-init[1036]: ci-info: |   0   |   0.0.0.0   | 10.0.2.2 |     0.0.0.0     |   enp0s3  |   UG  |
[    9.481420] cloud-init[1036]: ci-info: |   1   |   10.0.2.0  | 0.0.0.0  |  255.255.255.0  |   enp0s3  |   U   |
[    9.482073] cloud-init[1036]: ci-info: |   2   |   10.0.2.2  | 0.0.0.0  | 255.255.255.255 |   enp0s3  |   UH  |
[    9.482738] cloud-init[1036]: ci-info: +-------+-------------+----------+-----------------+-----------+-------+
[    9.483406] cloud-init[1036]: ci-info: +++++++++++++++++++Route IPv6 info+++++++++++++++++++
[    9.483975] cloud-init[1036]: ci-info: +-------+-------------+---------+-----------+-------+
[    9.484479] cloud-init[1036]: ci-info: | Route | Destination | Gateway | Interface | Flags |
[    9.496151] cloud-init[1036]: ci-info: +-------+-------------+---------+-----------+-------+
[    9.496731] cloud-init[1036]: ci-info: |   1   |  fd00::/64  |    ::   |   enp0s3  |   U   |
[    9.497314] cloud-init[1036]: ci-info: |   2   |  fe80::/64  |    ::   |   enp0s3  |   U   |
[    9.497889] cloud-init[1036]: ci-info: |   3   |     ::/0    | fe80::2 |   enp0s3  |   UG  |
[    9.498482] cloud-init[1036]: ci-info: |   5   |    local    |    ::   |   enp0s3  |   U   |
[    9.499201] cloud-init[1036]: ci-info: |   6   |   ff00::/8  |    ::   |   enp0s3  |   U   |
[    9.499673] cloud-init[1036]: ci-info: +-------+-------------+---------+-----------+-------+
[   10.057666] cloud-init[1036]: Generating public/private rsa key pair.
[   10.058097] cloud-init[1036]: Your identification has been saved in /etc/ssh/ssh_host_rsa_key.
[   10.058849] cloud-init[1036]: Your public key has been saved in /etc/ssh/ssh_host_rsa_key.pub.
[   10.059449] cloud-init[1036]: The key fingerprint is:
[   10.059870] cloud-init[1036]: SHA256:67tFMifO9PIUnpGRjbGKLo2dYInLDiZwe0tpVw7ggDc root@ubuntu-bionic
[   10.060524] cloud-init[1036]: The key's randomart image is:
[   10.060975] cloud-init[1036]: +---[RSA 2048]----+
[   10.061369] cloud-init[1036]: |          .      |
[   10.061758] cloud-init[1036]: | .         *     |
[   10.062167] cloud-init[1036]: |. E .     = .    |
[   10.062579] cloud-init[1036]: | . = o . . o     |
[   10.063069] cloud-init[1036]: |. o = o S *      |
[   10.063629] cloud-init[1036]: |.o + B O X +     |
[   10.064224] cloud-init[1036]: |o.+ B * * *      |
[   10.064628] cloud-init[1036]: |oo + + . =       |
[   10.065024] cloud-init[1036]: |  . .   +o.      |
[   10.065416] cloud-init[1036]: +----[SHA256]-----+
[   10.065985] cloud-init[1036]: Generating public/private dsa key pair.
[   10.066469] cloud-init[1036]: Your identification has been saved in /etc/ssh/ssh_host_dsa_key.
[   10.067150] cloud-init[1036]: Your public key has been saved in /etc/ssh/ssh_host_dsa_key.pub.
[   10.067738] cloud-init[1036]: The key fingerprint is:
[   10.076252] cloud-init[1036]: SHA256:G5cZx2+29At8dqpRECVMFgb9g1s4BHYYM/TFgxx/AJ8 root@ubuntu-bionic
[   10.076720] cloud-init[1036]: The key's randomart image is:
[   10.077352] cloud-init[1036]: +---[DSA 1024]----+
[   10.077833] cloud-init[1036]: |         .OX@B+  |
[   10.078333] cloud-init[1036]: |         ..O**oo |
[   10.078732] cloud-init[1036]: |          ..=+E..|
[   10.079135] cloud-init[1036]: |           =+o+. |
[   10.079682] cloud-init[1036]: |        S +  +*. |
[   10.080077] cloud-init[1036]: |         +  o= o |
[   10.080513] cloud-init[1036]: |        .   .o.oo|
[   10.080909] cloud-init[1036]: |             .+.o|
[   10.081309] cloud-init[1036]: |            .... |
[   10.081671] cloud-init[1036]: +----[SHA256]-----+
[[0;32m  OK  [0m] Started Initial cloud-init job (metadata service crawler).
[   10.096496] cloud-init[1036]: [[0;32m  OK  [0m] Reached target Network is Online.
Generating public/private ecdsa key pair.[[0;32m  OK  [0m] Reached target Remote File Systems (Pre).
[[0;32m  OK  [0m] Reached target Remote File Systems.

[   10.098045] cloud-init[1036]: Your identification has been saved in /etc/ssh/ssh_host_ecdsa_key.
         Starting Availability of block devices...
[[0;32m  OK  [0m] Reached target Cloud-config availability.
[[0;32m  OK  [0m] Reached target System Initialization.
[[0;32m  OK  [0m] Started Ubuntu Advantage Timer for running repeated jobs.
[[0;32m  OK  [0m] Started Message of the Day.
[[0;32m  OK  [0m] Started Daily apt download activities.
[[0;32m  OK  [0m] Started Daily apt upgrade and clean activities.
[[0;32m  OK  [0m] Started Discard unused blocks once a week.
[   10.101207] cloud-init[1036]: Your public key has been saved in /etc/ssh/ssh_host_ecdsa_key.pub.
[[0;32m  OK  [0m] Started ACPI Events Check.
[[0;32m  OK  [0m] Listening on UUID daemon activation socket.
[[0;32m  OK  [0m] Listening on ACPID Listen Socket.
[[0;32m  OK  [0m] Started Daily Cleanup of Temporary Directories.
[[0;32m  OK  [0m] Reached target Timers.
[[0;32m  OK  [0m] Listening on D-Bus System Message Bus Socket.
[   10.110827] cloud-init[1036]: The key fingerprint is:
[   10.114115] cloud-init[1036]: SHA256:DlKuYn1beOs4yeUNaJLE6QwUm6emWxviSRmddzjLgSk root@ubuntu-bionic
[   10.114716] cloud-init[1036]: The key's randomart image is:
[   10.115070] cloud-init[1036]: +---[ECDSA 256]---+
[   10.115373] cloud-init[1036]: |  ..             |
[   10.115672] cloud-init[1036]: |  .o             |
[   10.115973] cloud-init[1036]: | .o....          |
         Starting LXD - unix socket.
         Starting Socket activation for snappy daemon.
[[0;32m  OK  [0m] Reached target Paths.
[[0;32m  OK  [0m] Listening on Open-iSCSI iscsid Socket.
[[0;32m  OK  [0m] Listening on cloud-init hotplug hook socket.
[[0;32m  OK  [0m] Started Availability of block devices.
[   10.116330] cloud-init[[0;32m  OK  [0m] Listening on LXD - unix socket.
[[0;32m  OK  [0m] Listening on Socket activation for snappy daemon.
[1036]: |  ooBo.          |
[[0;32m  OK  [0m] Reached target Sockets.
[   10.131138] [cloud-init[0;32m  OK  [0m[1036]: ] | EoX.*ooS        |Reached target Basic System.

[   10.131907] cloud-init[1036]: | o+.BoB+o        |
         Starting Login Service...
[   10.134873] cloud-init[1036]: |oo= o*o++o       |
[   10.144559] cloud-init[1036]: |o=.+ .+=...      |
[   10.144972] cloud-init[1036]: |.o.   ooo        |
[[0;32m  OK  [0m] Started irqbalance daemon.
[   10.156979] cloud-init[1036]: +----[SHA256]-----+
[   10.157376] [[0;32m  OK  [0m] Started FUSE filesystem for LXC.
         Starting Pollinate to seed the pseudo random number generator...
[[0;32m  OK  [0m] Reached target Login Prompts (Pre).
         Starting LSB: Record successful boot for GRUB...
         Starting LSB: automatic crash report generation...
         Starting Snap Daemon...
[[0;32m  OK  [0m] Started Deferred execution scheduler.
         Starting Permit User Sessions...
cloud-init[1036]: Generating public/private ed25519 key pair.
[   10.163389] cloud-init[1036]: Your identification has been saved in /etc/ssh/ssh_host_ed25519_key.
[   10.164331] cloud-init[1036]: Your public key has been saved in /etc/ssh/ssh_host_ed25519_key.pub.
[   10.164799] cloud-init[1036]: The key fingerprint is:
[[0;32m  OK  [0m] Started Regular background program processing daemon.
[   10.165636] cloud-init[1036]: SHA256:KjN6CAKPv5F3zHBHR5wpEmC9vr6GCrYzAZVPUV7n1Qk root@ubuntu-bionic
[   10.166435]          Starting Dispatcher daemon for systemd-networkd...
cloud-init[1036]: The key's randomart image is:
         Starting System Logging Service...
[   10.167736] cloud-init[1036]: +--[ED25519 256]--+
[[0;32m  OK  [0m] Started D-Bus System Message Bus.
[   10.168586] cloud-init[1036]: |   .+=o...ooEo . |
[   10.169300] cloud-init[1036]: |  o...o..++.  o  |
[   10.169693] cloud-init[1036]: | . o  .o..o      |
[   10.169978] cloud-init[1036]: |o   . .. .       |
[   10.170364] cloud-init[1036]: |oo  ... S        |
[   10.170659] cloud-init[1036]: |+... =.o         |
[   10.171052] cloud-init[1036]: |o++.=.=.         |
[   10.171439] cloud-init[1036]: |.+++o=o          |
[   10.171819] cloud-init[1036]: | .*+ oo.         |
[   10.172198] cloud-init[1036]: +----[SHA256]-----+
         Starting Virtualbox guest utils...
         Starting Accounts Service...
         Starting LXD - container startup/shutdown...
[[0;32m  OK  [0m] Started System Logging Service.
[[0;32m  OK  [0m] Started Permit User Sessions.
[[0;32m  OK  [0m] Started Login Service.
[[0;32m  OK  [0m] Started Unattended Upgrades Shutdown.
         Starting Hostname Service...
         Starting Terminate Plymouth Boot Screen...
         Starting Hold until boot process finishes up...
[[0;32m  OK  [0m] Started Hold until boot process finishes up.
[[0;32m  OK  [0m] Started Serial Getty on ttyS0.
         Starting Set console scheme...
[[0;32m  OK  [0m] Started Terminate Plymouth Boot Screen.
[[0;32m  OK  [0m] Started Set console scheme.
[[0;32m  OK  [0m] Created slice system-getty.slice.
[[0;32m  OK  [0m] Started Getty on tty1.
[[0;32m  OK  [0m] Reached target Login Prompts.
[[0;32m  OK  [0m] Started LSB: automatic crash report generation.
[[0;32m  OK  [0m] Started Hostname Service.
         Starting Authorization Manager...
[[0;32m  OK  [0m] Started Virtualbox guest utils.
[[0;32m  OK  [0m] Started LSB: Record successful boot for GRUB.
[[0;32m  OK  [0m] Started Authorization Manager.
[[0;32m  OK  [0m] Started Accounts Service.
[[0;32m  OK  [0m] Started LXD - container startup/shutdown.
[[0;32m  OK  [0m] Started Dispatcher daemon for systemd-networkd.
[[0;32m  OK  [0m] Started Snap Daemon.
         Starting Wait until snapd is fully seeded...
         Starting Time & Date Service...
[[0;32m  OK  [0m] Started Time & Date Service.
[[0;32m  OK  [0m] Started Pollinate to seed the pseudo random number generator.
         Starting OpenBSD Secure Shell server...
[[0;32m  OK  [0m] Started OpenBSD Secure Shell server.
[[0;32m  OK  [0m] Created slice User Slice of vagrant.
         Starting User Manager for UID 1000...
[[0;32m  OK  [0m] Started Session 1 of user vagrant.
[[0;32m  OK  [0m] Started User Manager for UID 1000.
[[0;32m  OK  [0m] Started Wait until snapd is fully seeded.
         Starting Apply the settings specified in cloud-config...
[   14.327112] cloud-init[1801]: Cloud-init v. 23.1.2-0ubuntu0~18.04.1 running 'modules:config' at Fri, 07 Feb 2025 18:18:50 +0000. Up 14.07 seconds.
[[0;32m  OK  [0m] Started Apply the settings specified in cloud-config.
[[0;32m  OK  [0m] Reached target Multi-User System.
         Starting Execute cloud user/final scripts...
[[0;32m  OK  [0m] Reached target Graphical Interface.
         Starting Update UTMP about System Runlevel Changes...
[[0;32m  OK  [0m] Started Update UTMP about System Runlevel Changes.
ci-info: no authorized SSH keys fingerprints found for user ubuntu.
<14>Feb  7 18:18:50 cloud-init: #############################################################
<14>Feb  7 18:18:50 cloud-init: -----BEGIN SSH HOST KEY FINGERPRINTS-----
<14>Feb  7 18:18:50 cloud-init: 1024 SHA256:G5cZx2+29At8dqpRECVMFgb9g1s4BHYYM/TFgxx/AJ8 root@ubuntu-bionic (DSA)
<14>Feb  7 18:18:50 cloud-init: 256 SHA256:DlKuYn1beOs4yeUNaJLE6QwUm6emWxviSRmddzjLgSk root@ubuntu-bionic (ECDSA)
<14>Feb  7 18:18:50 cloud-init: 256 SHA256:KjN6CAKPv5F3zHBHR5wpEmC9vr6GCrYzAZVPUV7n1Qk root@ubuntu-bionic (ED25519)
<14>Feb  7 18:18:50 cloud-init: 2048 SHA256:67tFMifO9PIUnpGRjbGKLo2dYInLDiZwe0tpVw7ggDc root@ubuntu-bionic (RSA)
<14>Feb  7 18:18:50 cloud-init: -----END SSH HOST KEY FINGERPRINTS-----
<14>Feb  7 18:18:50 cloud-init: #############################################################
-----BEGIN SSH HOST KEY KEYS-----
ecdsa-sha2-nistp256 AAAAE2VjZHNhLXNoYTItbmlzdHAyNTYAAAAIbmlzdHAyNTYAAABBBGwRKcb//NdvUaOa64Kvj+MJ3/AI+oXi2PwBkbnYPdiv/WagbbO7/NgvuLQaguH7EK8Kj5jPD1S+3jtYR0PZvso= root@ubuntu-bionic
ssh-ed25519 AAAAC3NzaC1lZDI1NTE5AAAAIOmw5rYjgKEZawTymzhC3Wd/I3dEjzZ1pKQ9/QDwWDeZ root@ubuntu-bionic
ssh-rsa AAAAB3NzaC1yc2EAAAADAQABAAABAQCsVOfI7pJeEcJuHD9FxN1lbe0MXzQBnU6bg4EHDVVQ3w4gupCRtQVyivHEuAZy/8f+G2QtxM8gBGHA2VBllvMqXzvs/UUCZOko6GR4JjAil546vBPArJPM0bF939OYcPnOLFH3xzSVzcFpAsbfutNsQsFm+dh79Yqh10/NStJj7qQrOloBWYhe90hqmkffhFQLCfcB3J3QgZD0Zm+T5FYq/xGJ4+3CervxxinbID0H0W/JZPQDzl8AQu0S9GgPtT5sHcMsswUo1iuL+GnJO8aEiulkOTW5vparr0toBQ/xJC+q+zqQvvPU0uZOjG9pc5JV1NisW+ur2DUDSiV/Y6Oz root@ubuntu-bionic
-----END SSH HOST KEY KEYS-----
[   14.778926] cloud-init[1894]: Cloud-init v. 23.1.2-0ubuntu0~18.04.1 running 'modules:final' at Fri, 07 Feb 2025 18:18:50 +0000. Up 14.65 seconds.
[   14.779635] cloud-init[1894]: Cloud-init v. 23.1.2-0ubuntu0~18.04.1 finished at Fri, 07 Feb 2025 18:18:50 +0000. Datasource DataSourceNoCloud [seed=/dev/sdb][dsmode=net].  Up 14.77 seconds
[[0;32m  OK  [0m] Started Execute cloud user/final scripts.
[[0;32m  OK  [0m] Reached target Cloud-init target.

Ubuntu 18.04.6 LTS ubuntu-bionic ttyS0

ubuntu-bionic login: 